# Logfile created on 2021-01-11 18:33:23 -0300 by logger.rb/v1.4.2
D, [2021-01-11T18:33:38.769129 #6672] DEBUG -- : MONGODB | Topology type 'unknown' initializing.
D, [2021-01-11T18:33:39.597630 #6672] DEBUG -- : MONGODB | There was a change in the members of the 'Unknown' topology.
D, [2021-01-11T18:33:40.460627 #6672] DEBUG -- : MONGODB | Server rocklov-db:27017 initializing.
D, [2021-01-11T18:33:40.789130 #6672] DEBUG -- : MONGODB | Waiting for up to 30.00 seconds for servers to be scanned: #<Cluster topology=Unknown[rocklov-db:27017] servers=[#<Server address=rocklov-db:27017 UNKNOWN>]>
D, [2021-01-11T18:33:41.585093 #6672] DEBUG -- : MONGODB | Server description for rocklov-db:27017 changed from 'unknown' to 'standalone'.
D, [2021-01-11T18:33:41.817908 #6672] DEBUG -- : MONGODB | Topology type 'Unknown' changed to type 'Single'.
D, [2021-01-11T18:33:41.824910 #6672] DEBUG -- : MONGODB | rocklov-db:27017 req:7 conn:1:1 sconn:14 | rocklov.delete | STARTED | {"delete"=>"users", "ordered"=>true, "deletes"=>[{"q"=>{"email"=>"gustavo@gmail.com"}, "limit"=>0}], "$db"=>"rocklov", "lsid"=>{"id"=><BSON::Binary:0x4460 type=uuid data=0x4172ce504f724d99...>}}
D, [2021-01-11T18:33:42.232821 #6672] DEBUG -- : MONGODB | rocklov-db:27017 req:7 | rocklov.delete | SUCCEEDED | 0.407s
D, [2021-01-11T18:33:56.551710 #6672] DEBUG -- : MONGODB | rocklov-db:27017 req:9 conn:1:2 sconn:16 | admin.endSessions | STARTED | {"endSessions"=>[{"id"=><BSON::Binary:0x4460 type=uuid data=0x4172ce504f724d99...>}], "$db"=>"admin"}
D, [2021-01-11T18:33:56.553352 #6672] DEBUG -- : MONGODB | rocklov-db:27017 req:9 | admin.endSessions | SUCCEEDED | 0.001s
D, [2021-01-11T18:55:57.767142 #17743] DEBUG -- : MONGODB | Topology type 'unknown' initializing.
D, [2021-01-11T18:55:58.176735 #17743] DEBUG -- : MONGODB | There was a change in the members of the 'Unknown' topology.
D, [2021-01-11T18:55:58.176997 #17743] DEBUG -- : MONGODB | Server rocklov-db:27017 initializing.
D, [2021-01-11T18:55:58.177273 #17743] DEBUG -- : MONGODB | Waiting for up to 30.00 seconds for servers to be scanned: #<Cluster topology=Unknown[rocklov-db:27017] servers=[#<Server address=rocklov-db:27017 UNKNOWN>]>
D, [2021-01-11T18:55:59.178661 #17743] DEBUG -- : MONGODB | Waiting for up to 29.00 seconds for servers to be scanned: #<Cluster topology=Unknown[rocklov-db:27017] servers=[#<Server address=rocklov-db:27017 UNKNOWN>]>
D, [2021-01-11T18:56:00.180239 #17743] DEBUG -- : MONGODB | Waiting for up to 28.00 seconds for servers to be scanned: #<Cluster topology=Unknown[rocklov-db:27017] servers=[#<Server address=rocklov-db:27017 UNKNOWN>]>
D, [2021-01-11T18:56:01.181146 #17743] DEBUG -- : MONGODB | Waiting for up to 27.00 seconds for servers to be scanned: #<Cluster topology=Unknown[rocklov-db:27017] servers=[#<Server address=rocklov-db:27017 UNKNOWN>]>
D, [2021-01-11T18:56:02.063020 #17743] DEBUG -- : MONGODB | Server description for rocklov-db:27017 changed from 'unknown' to 'standalone'.
D, [2021-01-11T18:56:02.063648 #17743] DEBUG -- : MONGODB | Topology type 'Unknown' changed to type 'Single'.
D, [2021-01-11T18:56:02.177406 #17743] DEBUG -- : MONGODB | rocklov-db:27017 req:7 conn:1:1 sconn:18 | rocklov.delete | STARTED | {"delete"=>"users", "ordered"=>true, "deletes"=>[{"q"=>{"email"=>"gustavo@gmail.com"}, "limit"=>0}], "$db"=>"rocklov", "lsid"=>{"id"=><BSON::Binary:0x4460 type=uuid data=0x56b833ffd2634f6c...>}}
D, [2021-01-11T18:56:04.332070 #17743] DEBUG -- : MONGODB | rocklov-db:27017 req:7 | rocklov.delete | SUCCEEDED | 2.154s
D, [2021-01-11T18:56:12.775624 #17743] DEBUG -- : MONGODB | rocklov-db:27017 req:9 conn:1:2 sconn:20 | admin.endSessions | STARTED | {"endSessions"=>[{"id"=><BSON::Binary:0x4460 type=uuid data=0x56b833ffd2634f6c...>}], "$db"=>"admin"}
D, [2021-01-11T18:56:12.810058 #17743] DEBUG -- : MONGODB | rocklov-db:27017 req:9 | admin.endSessions | SUCCEEDED | 0.034s
